<?xml version="1.0" encoding="UTF-8"?>
<coverage generated="1781018637733" clover="3.2.0">
  <project timestamp="1781018637734" name="All files">
    <metrics statements="125" coveredstatements="125" conditionals="41" coveredconditionals="39" methods="43" coveredmethods="42" elements="209" coveredelements="206" complexity="0" loc="125" ncloc="125" packages="1" files="6" classes="6"/>
    <file name="AsyncQueue.ts" path="/mnt/d/_2026/_2026_06/07/sw/sql_mind/src/ts/AsyncQueue.ts">
      <metrics statements="22" coveredstatements="22" conditionals="10" coveredconditionals="10" methods="6" coveredmethods="6"/>
      <line num="1" count="3" type="stmt"/>
      <line num="2" count="41" type="stmt"/>
      <line num="3" count="41" type="stmt"/>
      <line num="4" count="41" type="stmt"/>
      <line num="7" count="163" type="cond" truecount="2" falsecount="0"/>
      <line num="8" count="21" type="stmt"/>
      <line num="9" count="21" type="stmt"/>
      <line num="11" count="142" type="stmt"/>
      <line num="16" count="193" type="cond" truecount="4" falsecount="0"/>
      <line num="17" count="1" type="stmt"/>
      <line num="18" count="1" type="stmt"/>
      <line num="19" count="1" type="stmt"/>
      <line num="21" count="192" type="cond" truecount="2" falsecount="0"/>
      <line num="22" count="141" type="stmt"/>
      <line num="24" count="51" type="cond" truecount="2" falsecount="0"/>
      <line num="25" count="7" type="stmt"/>
      <line num="27" count="44" type="stmt"/>
      <line num="31" count="2" type="stmt"/>
      <line num="35" count="29" type="stmt"/>
      <line num="36" count="29" type="stmt"/>
      <line num="37" count="23" type="stmt"/>
      <line num="38" count="23" type="stmt"/>
    </file>
    <file name="AuditLog.ts" path="/mnt/d/_2026/_2026_06/07/sw/sql_mind/src/ts/AuditLog.ts">
      <metrics statements="9" coveredstatements="9" conditionals="2" coveredconditionals="2" methods="6" coveredmethods="6"/>
      <line num="5" count="3" type="stmt"/>
      <line num="9" count="4" type="stmt"/>
      <line num="13" count="4" type="stmt"/>
      <line num="26" count="5" type="stmt"/>
      <line num="29" count="5" type="stmt"/>
      <line num="39" count="1" type="stmt"/>
      <line num="40" count="1" type="stmt"/>
      <line num="44" count="2" type="stmt"/>
      <line num="45" count="2" type="stmt"/>
    </file>
    <file name="CommitAgent.ts" path="/mnt/d/_2026/_2026_06/07/sw/sql_mind/src/ts/CommitAgent.ts">
      <metrics statements="56" coveredstatements="56" conditionals="14" coveredconditionals="14" methods="14" coveredmethods="13"/>
      <line num="4" count="2" type="stmt"/>
      <line num="5" count="2" type="stmt"/>
      <line num="20" count="2" type="stmt"/>
      <line num="23" count="29" type="stmt"/>
      <line num="24" count="78" type="stmt"/>
      <line num="27" count="2" type="stmt"/>
      <line num="32" count="20" type="stmt"/>
      <line num="33" count="20" type="stmt"/>
      <line num="34" count="20" type="stmt"/>
      <line num="35" count="20" type="stmt"/>
      <line num="38" count="20" type="cond" truecount="2" falsecount="0"/>
      <line num="39" count="1" type="stmt"/>
      <line num="41" count="19" type="stmt"/>
      <line num="43" count="20" type="stmt"/>
      <line num="44" count="20" type="stmt"/>
      <line num="45" count="20" type="stmt"/>
      <line num="49" count="20" type="stmt"/>
      <line num="50" count="20" type="stmt"/>
      <line num="51" count="48" type="stmt"/>
      <line num="52" count="48" type="cond" truecount="2" falsecount="0"/>
      <line num="53" count="19" type="stmt"/>
      <line num="55" count="29" type="stmt"/>
      <line num="56" count="29" type="stmt"/>
      <line num="57" count="29" type="cond" truecount="2" falsecount="0"/>
      <line num="58" count="20" type="stmt"/>
      <line num="59" count="20" type="stmt"/>
      <line num="66" count="14" type="stmt"/>
      <line num="70" count="29" type="stmt"/>
      <line num="77" count="29" type="cond" truecount="2" falsecount="0"/>
      <line num="78" count="3" type="stmt"/>
      <line num="79" count="3" type="stmt"/>
      <line num="80" count="3" type="stmt"/>
      <line num="83" count="26" type="stmt"/>
      <line num="84" count="26" type="stmt"/>
      <line num="85" count="26" type="stmt"/>
      <line num="86" count="22" type="cond" truecount="2" falsecount="0"/>
      <line num="87" count="22" type="stmt"/>
      <line num="88" count="22" type="stmt"/>
      <line num="90" count="4" type="stmt"/>
      <line num="91" count="4" type="cond" truecount="2" falsecount="0"/>
      <line num="94" count="26" type="stmt"/>
      <line num="95" count="26" type="stmt"/>
      <line num="96" count="26" type="stmt"/>
      <line num="100" count="29" type="stmt"/>
      <line num="101" count="29" type="stmt"/>
      <line num="105" count="22" type="stmt"/>
      <line num="106" count="22" type="cond" truecount="2" falsecount="0"/>
      <line num="107" count="2" type="stmt"/>
      <line num="108" count="2" type="stmt"/>
      <line num="110" count="20" type="stmt"/>
      <line num="115" count="20" type="stmt"/>
      <line num="116" count="20" type="stmt"/>
      <line num="117" count="20" type="stmt"/>
      <line num="118" count="20" type="stmt"/>
      <line num="122" count="1" type="stmt"/>
      <line num="123" count="1" type="stmt"/>
    </file>
    <file name="Database.ts" path="/mnt/d/_2026/_2026_06/07/sw/sql_mind/src/ts/Database.ts">
      <metrics statements="12" coveredstatements="12" conditionals="4" coveredconditionals="2" methods="6" coveredmethods="6"/>
      <line num="1" count="3" type="stmt"/>
      <line num="9" count="3" type="stmt"/>
      <line num="12" count="23" type="stmt"/>
      <line num="15" count="23" type="cond" truecount="1" falsecount="1"/>
      <line num="16" count="23" type="stmt"/>
      <line num="20" count="1" type="stmt"/>
      <line num="24" count="2" type="stmt"/>
      <line num="28" count="62" type="stmt"/>
      <line num="32" count="28" type="stmt"/>
      <line num="36" count="6" type="cond" truecount="1" falsecount="1"/>
      <line num="37" count="6" type="stmt"/>
      <line num="38" count="6" type="stmt"/>
    </file>
    <file name="WriteIntent.ts" path="/mnt/d/_2026/_2026_06/07/sw/sql_mind/src/ts/WriteIntent.ts">
      <metrics statements="18" coveredstatements="18" conditionals="5" coveredconditionals="5" methods="10" coveredmethods="10"/>
      <line num="1" count="3" type="stmt"/>
      <line num="11" count="3" type="stmt"/>
      <line num="16" count="45" type="stmt"/>
      <line num="25" count="3" type="cond" truecount="2" falsecount="0"/>
      <line num="26" count="3" type="stmt"/>
      <line num="27" count="2" type="stmt"/>
      <line num="28" count="3" type="stmt"/>
      <line num="29" count="3" type="stmt"/>
      <line num="30" count="2" type="stmt"/>
      <line num="36" count="3" type="cond" truecount="1" falsecount="0"/>
      <line num="37" count="4" type="stmt"/>
      <line num="40" count="3" type="stmt"/>
      <line num="41" count="2" type="stmt"/>
      <line num="42" count="2" type="stmt"/>
      <line num="43" count="2" type="stmt"/>
      <line num="44" count="2" type="stmt"/>
      <line num="49" count="3" type="stmt"/>
      <line num="50" count="2" type="stmt"/>
    </file>
    <file name="cli.ts" path="/mnt/d/_2026/_2026_06/07/sw/sql_mind/src/ts/cli.ts">
      <metrics statements="8" coveredstatements="8" conditionals="6" coveredconditionals="6" methods="1" coveredmethods="1"/>
      <line num="5" count="1" type="stmt"/>
      <line num="6" count="6" type="stmt"/>
      <line num="8" count="6" type="stmt"/>
      <line num="9" count="7" type="cond" truecount="4" falsecount="0"/>
      <line num="10" count="5" type="cond" truecount="2" falsecount="0"/>
      <line num="11" count="3" type="stmt"/>
      <line num="12" count="3" type="stmt"/>
      <line num="17" count="6" type="stmt"/>
    </file>
  </project>
</coverage>
