{"/mnt/d/_2026/_2026_06/07/sw/sql_mind/src/ts/AsyncQueue.ts": {"path":"/mnt/d/_2026/_2026_06/07/sw/sql_mind/src/ts/AsyncQueue.ts","statementMap":{"0":{"start":{"line":2,"column":10},"end":{"line":2,"column":26}},"1":{"start":{"line":3,"column":10},"end":{"line":3,"column":61}},"2":{"start":{"line":4,"column":10},"end":{"line":4,"column":25}},"3":{"start":{"line":7,"column":4},"end":{"line":12,"column":5}},"4":{"start":{"line":8,"column":22},"end":{"line":8,"column":45}},"5":{"start":{"line":9,"column":6},"end":{"line":9,"column":20}},"6":{"start":{"line":11,"column":6},"end":{"line":11,"column":28}},"7":{"start":{"line":16,"column":4},"end":{"line":20,"column":5}},"8":{"start":{"line":17,"column":22},"end":{"line":17,"column":45}},"9":{"start":{"line":18,"column":6},"end":{"line":18,"column":25}},"10":{"start":{"line":19,"column":6},"end":{"line":19,"column":24}},"11":{"start":{"line":21,"column":4},"end":{"line":23,"column":5}},"12":{"start":{"line":22,"column":6},"end":{"line":22,"column":33}},"13":{"start":{"line":24,"column":4},"end":{"line":26,"column":5}},"14":{"start":{"line":25,"column":6},"end":{"line":25,"column":23}},"15":{"start":{"line":27,"column":4},"end":{"line":27,"column":64}},"16":{"start":{"line":27,"column":34},"end":{"line":27,"column":62}},"17":{"start":{"line":31,"column":4},"end":{"line":31,"column":35}},"18":{"start":{"line":35,"column":4},"end":{"line":35,"column":23}},"19":{"start":{"line":36,"column":4},"end":{"line":39,"column":5}},"20":{"start":{"line":37,"column":22},"end":{"line":37,"column":45}},"21":{"start":{"line":38,"column":6},"end":{"line":38,"column":25}},"22":{"start":{"line":1,"column":0},"end":{"line":1,"column":13}}},"fnMap":{"0":{"name":"(anonymous_0)","decl":{"start":{"line":1,"column":0},"end":{"line":1,"column":13}},"loc":{"start":{"line":1,"column":0},"end":{"line":41,"column":1}}},"1":{"name":"(anonymous_1)","decl":{"start":{"line":6,"column":2},"end":{"line":6,"column":6}},"loc":{"start":{"line":6,"column":14},"end":{"line":13,"column":3}}},"2":{"name":"(anonymous_2)","decl":{"start":{"line":15,"column":2},"end":{"line":15,"column":7}},"loc":{"start":{"line":15,"column":11},"end":{"line":28,"column":3}}},"3":{"name":"(anonymous_3)","decl":{"start":{"line":27,"column":23},"end":{"line":27,"column":30}},"loc":{"start":{"line":27,"column":34},"end":{"line":27,"column":62}}},"4":{"name":"(anonymous_4)","decl":{"start":{"line":30,"column":2},"end":{"line":30,"column":9}},"loc":{"start":{"line":30,"column":9},"end":{"line":32,"column":3}}},"5":{"name":"(anonymous_5)","decl":{"start":{"line":34,"column":2},"end":{"line":34,"column":7}},"loc":{"start":{"line":34,"column":7},"end":{"line":40,"column":3}}}},"branchMap":{"0":{"loc":{"start":{"line":7,"column":4},"end":{"line":12,"column":5}},"type":"if","locations":[{"start":{"line":7,"column":4},"end":{"line":12,"column":5}},{"start":{"line":10,"column":11},"end":{"line":12,"column":5}}]},"1":{"loc":{"start":{"line":16,"column":4},"end":{"line":20,"column":5}},"type":"if","locations":[{"start":{"line":16,"column":4},"end":{"line":20,"column":5}},{"start":{},"end":{}}]},"2":{"loc":{"start":{"line":16,"column":8},"end":{"line":16,"column":48}},"type":"binary-expr","locations":[{"start":{"line":16,"column":8},"end":{"line":16,"column":19}},{"start":{"line":16,"column":23},"end":{"line":16,"column":48}}]},"3":{"loc":{"start":{"line":21,"column":4},"end":{"line":23,"column":5}},"type":"if","locations":[{"start":{"line":21,"column":4},"end":{"line":23,"column":5}},{"start":{},"end":{}}]},"4":{"loc":{"start":{"line":24,"column":4},"end":{"line":26,"column":5}},"type":"if","locations":[{"start":{"line":24,"column":4},"end":{"line":26,"column":5}},{"start":{},"end":{}}]}},"s":{"0":41,"1":41,"2":41,"3":163,"4":21,"5":21,"6":142,"7":193,"8":1,"9":1,"10":1,"11":192,"12":141,"13":51,"14":7,"15":44,"16":44,"17":2,"18":29,"19":29,"20":23,"21":23,"22":3},"f":{"0":41,"1":163,"2":193,"3":44,"4":2,"5":29},"b":{"0":[21,142],"1":[1,192],"2":[193,13],"3":[141,51],"4":[7,44]}}
,"/mnt/d/_2026/_2026_06/07/sw/sql_mind/src/ts/AuditLog.ts": {"path":"/mnt/d/_2026/_2026_06/07/sw/sql_mind/src/ts/AuditLog.ts","statementMap":{"0":{"start":{"line":9,"column":4},"end":{"line":9,"column":17}},"1":{"start":{"line":13,"column":4},"end":{"line":22,"column":7}},"2":{"start":{"line":26,"column":17},"end":{"line":27,"column":null}},"3":{"start":{"line":29,"column":4},"end":{"line":35,"column":6}},"4":{"start":{"line":39,"column":17},"end":{"line":39,"column":97}},"5":{"start":{"line":40,"column":4},"end":{"line":40,"column":29}},"6":{"start":{"line":44,"column":17},"end":{"line":44,"column":78}},"7":{"start":{"line":45,"column":4},"end":{"line":45,"column":22}},"8":{"start":{"line":5,"column":0},"end":{"line":5,"column":13}}},"fnMap":{"0":{"name":"(anonymous_0)","decl":{"start":{"line":8,"column":2},"end":{"line":8,"column":14}},"loc":{"start":{"line":8,"column":29},"end":{"line":10,"column":3}}},"1":{"name":"(anonymous_1)","decl":{"start":{"line":12,"column":2},"end":{"line":12,"column":7}},"loc":{"start":{"line":12,"column":12},"end":{"line":23,"column":3}}},"2":{"name":"(anonymous_2)","decl":{"start":{"line":25,"column":2},"end":{"line":25,"column":7}},"loc":{"start":{"line":25,"column":33},"end":{"line":36,"column":3}}},"3":{"name":"(anonymous_3)","decl":{"start":{"line":38,"column":2},"end":{"line":38,"column":7}},"loc":{"start":{"line":38,"column":37},"end":{"line":41,"column":3}}},"4":{"name":"(anonymous_4)","decl":{"start":{"line":43,"column":2},"end":{"line":43,"column":7}},"loc":{"start":{"line":43,"column":15},"end":{"line":46,"column":3}}},"5":{"name":"(anonymous_5)","decl":{"start":{"line":48,"column":2},"end":{"line":48,"column":7}},"loc":{"start":{"line":48,"column":7},"end":{"line":49,"column":3}}}},"branchMap":{"0":{"loc":{"start":{"line":32,"column":6},"end":{"line":32,"column":58}},"type":"cond-expr","locations":[{"start":{"line":32,"column":22},"end":{"line":32,"column":51}},{"start":{"line":32,"column":54},"end":{"line":32,"column":58}}]}},"s":{"0":4,"1":4,"2":5,"3":5,"4":1,"5":1,"6":2,"7":2,"8":3},"f":{"0":4,"1":4,"2":5,"3":1,"4":2,"5":2},"b":{"0":[3,2]}}
,"/mnt/d/_2026/_2026_06/07/sw/sql_mind/src/ts/CommitExecutor.ts": {"path":"/mnt/d/_2026/_2026_06/07/sw/sql_mind/src/ts/CommitExecutor.ts","statementMap":{"0":{"start":{"line":4,"column":0},"end":{"line":4,"column":42}},"1":{"start":{"line":5,"column":0},"end":{"line":5,"column":70}},"2":{"start":{"line":20,"column":27},"end":{"line":20,"column":99}},"3":{"start":{"line":23,"column":19},"end":{"line":23,"column":43}},"4":{"start":{"line":24,"column":2},"end":{"line":24,"column":68}},"5":{"start":{"line":24,"column":41},"end":{"line":24,"column":66}},"6":{"start":{"line":32,"column":10},"end":{"line":32,"column":25}},"7":{"start":{"line":33,"column":10},"end":{"line":33,"column":46}},"8":{"start":{"line":34,"column":10},"end":{"line":34,"column":29}},"9":{"start":{"line":35,"column":10},"end":{"line":35,"column":29}},"10":{"start":{"line":38,"column":4},"end":{"line":42,"column":5}},"11":{"start":{"line":39,"column":6},"end":{"line":39,"column":45}},"12":{"start":{"line":41,"column":6},"end":{"line":41,"column":25}},"13":{"start":{"line":43,"column":4},"end":{"line":43,"column":29}},"14":{"start":{"line":44,"column":4},"end":{"line":44,"column":47}},"15":{"start":{"line":45,"column":4},"end":{"line":45,"column":21}},"16":{"start":{"line":49,"column":4},"end":{"line":62,"column":9}},"17":{"start":{"line":50,"column":6},"end":{"line":61,"column":7}},"18":{"start":{"line":51,"column":23},"end":{"line":51,"column":45}},"19":{"start":{"line":52,"column":8},"end":{"line":54,"column":9}},"20":{"start":{"line":53,"column":10},"end":{"line":53,"column":16}},"21":{"start":{"line":55,"column":8},"end":{"line":55,"column":35}},"22":{"start":{"line":56,"column":8},"end":{"line":56,"column":30}},"23":{"start":{"line":57,"column":8},"end":{"line":60,"column":9}},"24":{"start":{"line":58,"column":10},"end":{"line":58,"column":60}},"25":{"start":{"line":58,"column":49},"end":{"line":58,"column":58}},"26":{"start":{"line":59,"column":10},"end":{"line":59,"column":35}},"27":{"start":{"line":66,"column":4},"end":{"line":66,"column":32}},"28":{"start":{"line":70,"column":33},"end":{"line":75,"column":6}},"29":{"start":{"line":77,"column":4},"end":{"line":81,"column":5}},"30":{"start":{"line":78,"column":6},"end":{"line":78,"column":78}},"31":{"start":{"line":79,"column":6},"end":{"line":79,"column":33}},"32":{"start":{"line":80,"column":6},"end":{"line":80,"column":20}},"33":{"start":{"line":83,"column":4},"end":{"line":92,"column":5}},"34":{"start":{"line":84,"column":7},"end":{"line":84,"column":46}},"35":{"start":{"line":85,"column":20},"end":{"line":85,"column":64}},"36":{"start":{"line":86,"column":6},"end":{"line":86,"column":36}},"37":{"start":{"line":87,"column":7},"end":{"line":87,"column":47}},"38":{"start":{"line":88,"column":6},"end":{"line":88,"column":28}},"39":{"start":{"line":90,"column":7},"end":{"line":90,"column":49}},"40":{"start":{"line":91,"column":6},"end":{"line":91,"column":76}},"41":{"start":{"line":94,"column":4},"end":{"line":94,"column":33}},"42":{"start":{"line":95,"column":4},"end":{"line":95,"column":31}},"43":{"start":{"line":96,"column":4},"end":{"line":96,"column":18}},"44":{"start":{"line":100,"column":4},"end":{"line":100,"column":26}},"45":{"start":{"line":101,"column":4},"end":{"line":101,"column":28}},"46":{"start":{"line":105,"column":4},"end":{"line":111,"column":7}},"47":{"start":{"line":106,"column":6},"end":{"line":109,"column":7}},"48":{"start":{"line":107,"column":8},"end":{"line":107,"column":18}},"49":{"start":{"line":108,"column":8},"end":{"line":108,"column":15}},"50":{"start":{"line":110,"column":6},"end":{"line":110,"column":40}},"51":{"start":{"line":115,"column":4},"end":{"line":115,"column":25}},"52":{"start":{"line":116,"column":4},"end":{"line":116,"column":23}},"53":{"start":{"line":117,"column":4},"end":{"line":117,"column":54}},"54":{"start":{"line":117,"column":43},"end":{"line":117,"column":52}},"55":{"start":{"line":118,"column":4},"end":{"line":118,"column":29}},"56":{"start":{"line":122,"column":4},"end":{"line":122,"column":17}},"57":{"start":{"line":123,"column":4},"end":{"line":123,"column":23}},"58":{"start":{"line":27,"column":0},"end":{"line":27,"column":13}}},"fnMap":{"0":{"name":"validateSql","decl":{"start":{"line":22,"column":9},"end":{"line":22,"column":20}},"loc":{"start":{"line":22,"column":32},"end":{"line":25,"column":1}}},"1":{"name":"(anonymous_1)","decl":{"start":{"line":24,"column":33},"end":{"line":24,"column":37}},"loc":{"start":{"line":24,"column":41},"end":{"line":24,"column":66}}},"2":{"name":"(anonymous_2)","decl":{"start":{"line":37,"column":2},"end":{"line":37,"column":14}},"loc":{"start":{"line":37,"column":63},"end":{"line":46,"column":3}}},"3":{"name":"(anonymous_3)","decl":{"start":{"line":48,"column":10},"end":{"line":48,"column":19}},"loc":{"start":{"line":48,"column":19},"end":{"line":63,"column":3}}},"4":{"name":"(anonymous_4)","decl":{"start":{"line":49,"column":5},"end":{"line":49,"column":10}},"loc":{"start":{"line":49,"column":16},"end":{"line":62,"column":5}}},"5":{"name":"(anonymous_5)","decl":{"start":{"line":58,"column":38},"end":{"line":58,"column":45}},"loc":{"start":{"line":58,"column":49},"end":{"line":58,"column":58}}},"6":{"name":"(anonymous_6)","decl":{"start":{"line":65,"column":2},"end":{"line":65,"column":7}},"loc":{"start":{"line":65,"column":29},"end":{"line":67,"column":3}}},"7":{"name":"(anonymous_7)","decl":{"start":{"line":69,"column":2},"end":{"line":69,"column":7}},"loc":{"start":{"line":69,"column":35},"end":{"line":97,"column":3}}},"8":{"name":"(anonymous_8)","decl":{"start":{"line":99,"column":2},"end":{"line":99,"column":8}},"loc":{"start":{"line":99,"column":28},"end":{"line":102,"column":3}}},"9":{"name":"(anonymous_9)","decl":{"start":{"line":104,"column":2},"end":{"line":104,"column":7}},"loc":{"start":{"line":104,"column":13},"end":{"line":112,"column":3}}},"10":{"name":"(anonymous_10)","decl":{"start":{"line":105,"column":23},"end":{"line":105,"column":30}},"loc":{"start":{"line":105,"column":33},"end":{"line":111,"column":5}}},"11":{"name":"(anonymous_11)","decl":{"start":{"line":114,"column":2},"end":{"line":114,"column":7}},"loc":{"start":{"line":114,"column":7},"end":{"line":119,"column":3}}},"12":{"name":"(anonymous_12)","decl":{"start":{"line":117,"column":32},"end":{"line":117,"column":39}},"loc":{"start":{"line":117,"column":43},"end":{"line":117,"column":52}}},"13":{"name":"(anonymous_13)","decl":{"start":{"line":121,"column":2},"end":{"line":121,"column":7}},"loc":{"start":{"line":121,"column":20},"end":{"line":124,"column":3}}}},"branchMap":{"0":{"loc":{"start":{"line":38,"column":4},"end":{"line":42,"column":5}},"type":"if","locations":[{"start":{"line":38,"column":4},"end":{"line":42,"column":5}},{"start":{"line":40,"column":11},"end":{"line":42,"column":5}}]},"1":{"loc":{"start":{"line":52,"column":8},"end":{"line":54,"column":9}},"type":"if","locations":[{"start":{"line":52,"column":8},"end":{"line":54,"column":9}},{"start":{},"end":{}}]},"2":{"loc":{"start":{"line":57,"column":8},"end":{"line":60,"column":9}},"type":"if","locations":[{"start":{"line":57,"column":8},"end":{"line":60,"column":9}},{"start":{},"end":{}}]},"3":{"loc":{"start":{"line":77,"column":4},"end":{"line":81,"column":5}},"type":"if","locations":[{"start":{"line":77,"column":4},"end":{"line":81,"column":5}},{"start":{},"end":{}}]},"4":{"loc":{"start":{"line":86,"column":15},"end":{"line":86,"column":34}},"type":"binary-expr","locations":[{"start":{"line":86,"column":15},"end":{"line":86,"column":28}},{"start":{"line":86,"column":32},"end":{"line":86,"column":34}}]},"5":{"loc":{"start":{"line":91,"column":21},"end":{"line":91,"column":75}},"type":"cond-expr","locations":[{"start":{"line":91,"column":46},"end":{"line":91,"column":59}},{"start":{"line":91,"column":62},"end":{"line":91,"column":75}}]},"6":{"loc":{"start":{"line":106,"column":6},"end":{"line":109,"column":7}},"type":"if","locations":[{"start":{"line":106,"column":6},"end":{"line":109,"column":7}},{"start":{},"end":{}}]}},"s":{"0":2,"1":2,"2":2,"3":29,"4":29,"5":78,"6":20,"7":20,"8":20,"9":20,"10":20,"11":1,"12":19,"13":20,"14":20,"15":20,"16":20,"17":20,"18":48,"19":48,"20":19,"21":29,"22":29,"23":29,"24":20,"25":20,"26":20,"27":14,"28":29,"29":29,"30":3,"31":3,"32":3,"33":26,"34":26,"35":26,"36":22,"37":22,"38":22,"39":4,"40":4,"41":26,"42":26,"43":26,"44":29,"45":29,"46":22,"47":22,"48":2,"49":2,"50":20,"51":20,"52":20,"53":20,"54":0,"55":20,"56":1,"57":1,"58":2},"f":{"0":29,"1":78,"2":20,"3":20,"4":20,"5":20,"6":14,"7":29,"8":29,"9":22,"10":22,"11":20,"12":0,"13":1},"b":{"0":[1,19],"1":[19,29],"2":[20,9],"3":[3,26],"4":[22,12],"5":[3,1],"6":[2,20]}}
,"/mnt/d/_2026/_2026_06/07/sw/sql_mind/src/ts/Database.ts": {"path":"/mnt/d/_2026/_2026_06/07/sw/sql_mind/src/ts/Database.ts","statementMap":{"0":{"start":{"line":1,"column":0},"end":{"line":1,"column":41}},"1":{"start":{"line":12,"column":10},"end":{"line":12,"column":27}},"2":{"start":{"line":15,"column":4},"end":{"line":15,"column":51}},"3":{"start":{"line":16,"column":4},"end":{"line":16,"column":43}},"4":{"start":{"line":20,"column":4},"end":{"line":20,"column":23}},"5":{"start":{"line":24,"column":4},"end":{"line":24,"column":26}},"6":{"start":{"line":28,"column":4},"end":{"line":28,"column":22}},"7":{"start":{"line":32,"column":4},"end":{"line":32,"column":32}},"8":{"start":{"line":36,"column":4},"end":{"line":39,"column":5}},"9":{"start":{"line":37,"column":6},"end":{"line":37,"column":22}},"10":{"start":{"line":38,"column":6},"end":{"line":38,"column":27}},"11":{"start":{"line":9,"column":0},"end":{"line":9,"column":13}}},"fnMap":{"0":{"name":"(anonymous_1)","decl":{"start":{"line":14,"column":2},"end":{"line":14,"column":14}},"loc":{"start":{"line":14,"column":27},"end":{"line":17,"column":3}}},"1":{"name":"(anonymous_2)","decl":{"start":{"line":19,"column":2},"end":{"line":19,"column":9}},"loc":{"start":{"line":19,"column":9},"end":{"line":21,"column":3}}},"2":{"name":"(anonymous_3)","decl":{"start":{"line":23,"column":2},"end":{"line":23,"column":8}},"loc":{"start":{"line":23,"column":8},"end":{"line":25,"column":3}}},"3":{"name":"(anonymous_4)","decl":{"start":{"line":27,"column":2},"end":{"line":27,"column":6}},"loc":{"start":{"line":27,"column":18},"end":{"line":29,"column":3}}},"4":{"name":"(anonymous_5)","decl":{"start":{"line":31,"column":2},"end":{"line":31,"column":9}},"loc":{"start":{"line":31,"column":21},"end":{"line":33,"column":3}}},"5":{"name":"(anonymous_6)","decl":{"start":{"line":35,"column":2},"end":{"line":35,"column":7}},"loc":{"start":{"line":35,"column":7},"end":{"line":40,"column":3}}}},"branchMap":{"0":{"loc":{"start":{"line":15,"column":18},"end":{"line":15,"column":50}},"type":"binary-expr","locations":[{"start":{"line":15,"column":18},"end":{"line":15,"column":22}},{"start":{"line":15,"column":26},"end":{"line":15,"column":50}}]},"1":{"loc":{"start":{"line":36,"column":4},"end":{"line":39,"column":5}},"type":"if","locations":[{"start":{"line":36,"column":4},"end":{"line":39,"column":5}},{"start":{},"end":{}}]}},"s":{"0":3,"1":23,"2":23,"3":23,"4":1,"5":2,"6":62,"7":28,"8":6,"9":6,"10":6,"11":3},"f":{"0":23,"1":1,"2":2,"3":62,"4":28,"5":6},"b":{"0":[23,0],"1":[6,0]}}
,"/mnt/d/_2026/_2026_06/07/sw/sql_mind/src/ts/WriteIntent.ts": {"path":"/mnt/d/_2026/_2026_06/07/sw/sql_mind/src/ts/WriteIntent.ts","statementMap":{"0":{"start":{"line":11,"column":0},"end":{"line":11,"column":16}},"1":{"start":{"line":1,"column":0},"end":{"line":1,"column":28}},"2":{"start":{"line":16,"column":2},"end":{"line":22,"column":4}},"3":{"start":{"line":25,"column":0},"end":{"line":25,"column":null}},"4":{"start":{"line":27,"column":20},"end":{"line":27,"column":36}},"5":{"start":{"line":28,"column":25},"end":{"line":28,"column":58}},"6":{"start":{"line":28,"column":43},"end":{"line":28,"column":46}},"7":{"start":{"line":29,"column":19},"end":{"line":29,"column":47}},"8":{"start":{"line":29,"column":38},"end":{"line":29,"column":46}},"9":{"start":{"line":30,"column":4},"end":{"line":33,"column":6}},"10":{"start":{"line":26,"column":18},"end":{"line":34,"column":null}},"11":{"start":{"line":37,"column":4},"end":{"line":37,"column":75}},"12":{"start":{"line":36,"column":18},"end":{"line":38,"column":null}},"13":{"start":{"line":41,"column":20},"end":{"line":41,"column":36}},"14":{"start":{"line":42,"column":19},"end":{"line":42,"column":47}},"15":{"start":{"line":42,"column":38},"end":{"line":42,"column":46}},"16":{"start":{"line":43,"column":4},"end":{"line":46,"column":6}},"17":{"start":{"line":44,"column":46},"end":{"line":44,"column":56}},"18":{"start":{"line":40,"column":18},"end":{"line":47,"column":null}},"19":{"start":{"line":50,"column":4},"end":{"line":50,"column":68}},"20":{"start":{"line":49,"column":18},"end":{"line":51,"column":null}}},"fnMap":{"0":{"name":"createWriteIntent","decl":{"start":{"line":11,"column":16},"end":{"line":11,"column":33}},"loc":{"start":{"line":14,"column":32},"end":{"line":23,"column":1}}},"1":{"name":"(anonymous_1)","decl":{"start":{"line":25,"column":0},"end":{"line":25,"column":17}},"loc":{"start":{"line":25,"column":28},"end":{"line":52,"column":1}}},"2":{"name":"insert","decl":{"start":{"line":26,"column":18},"end":{"line":26,"column":24}},"loc":{"start":{"line":26,"column":68},"end":{"line":34,"column":3}}},"3":{"name":"(anonymous_3)","decl":{"start":{"line":28,"column":37},"end":{"line":28,"column":40}},"loc":{"start":{"line":28,"column":43},"end":{"line":28,"column":46}}},"4":{"name":"(anonymous_4)","decl":{"start":{"line":29,"column":31},"end":{"line":29,"column":34}},"loc":{"start":{"line":29,"column":38},"end":{"line":29,"column":46}}},"5":{"name":"select","decl":{"start":{"line":36,"column":18},"end":{"line":36,"column":24}},"loc":{"start":{"line":36,"column":65},"end":{"line":38,"column":3}}},"6":{"name":"update","decl":{"start":{"line":40,"column":18},"end":{"line":40,"column":24}},"loc":{"start":{"line":40,"column":83},"end":{"line":47,"column":3}}},"7":{"name":"(anonymous_7)","decl":{"start":{"line":42,"column":31},"end":{"line":42,"column":34}},"loc":{"start":{"line":42,"column":38},"end":{"line":42,"column":46}}},"8":{"name":"(anonymous_8)","decl":{"start":{"line":44,"column":41},"end":{"line":44,"column":42}},"loc":{"start":{"line":44,"column":46},"end":{"line":44,"column":56}}},"9":{"name":"delete_","decl":{"start":{"line":49,"column":18},"end":{"line":49,"column":25}},"loc":{"start":{"line":49,"column":54},"end":{"line":51,"column":3}}}},"branchMap":{"0":{"loc":{"start":{"line":20,"column":13},"end":{"line":20,"column":48}},"type":"binary-expr","locations":[{"start":{"line":20,"column":13},"end":{"line":20,"column":29}},{"start":{"line":20,"column":33},"end":{"line":20,"column":48}}]},"1":{"loc":{"start":{"line":36,"column":40},"end":{"line":36,"column":65}},"type":"default-arg","locations":[{"start":{"line":36,"column":60},"end":{"line":36,"column":65}}]},"2":{"loc":{"start":{"line":25,"column":17},"end":{"line":25,"column":null}},"type":"binary-expr","locations":[{"start":{"line":25,"column":17},"end":{"line":25,"column":28}},{"start":{"line":25,"column":28},"end":{"line":25,"column":null}}]}},"s":{"0":3,"1":3,"2":45,"3":3,"4":2,"5":2,"6":3,"7":2,"8":3,"9":2,"10":3,"11":4,"12":3,"13":2,"14":2,"15":2,"16":2,"17":2,"18":3,"19":2,"20":3},"f":{"0":45,"1":3,"2":2,"3":3,"4":3,"5":4,"6":2,"7":2,"8":2,"9":2},"b":{"0":[45,44],"1":[2],"2":[3,3]}}
,"/mnt/d/_2026/_2026_06/07/sw/sql_mind/src/ts/cli.ts": {"path":"/mnt/d/_2026/_2026_06/07/sw/sql_mind/src/ts/cli.ts","statementMap":{"0":{"start":{"line":5,"column":0},"end":{"line":5,"column":16}},"1":{"start":{"line":6,"column":24},"end":{"line":6,"column":26}},"2":{"start":{"line":8,"column":2},"end":{"line":15,"column":3}},"3":{"start":{"line":8,"column":15},"end":{"line":8,"column":16}},"4":{"start":{"line":9,"column":4},"end":{"line":14,"column":5}},"5":{"start":{"line":10,"column":6},"end":{"line":13,"column":7}},"6":{"start":{"line":11,"column":8},"end":{"line":11,"column":30}},"7":{"start":{"line":12,"column":8},"end":{"line":12,"column":12}},"8":{"start":{"line":17,"column":2},"end":{"line":17,"column":14}}},"fnMap":{"0":{"name":"parseArgs","decl":{"start":{"line":5,"column":16},"end":{"line":5,"column":25}},"loc":{"start":{"line":5,"column":40},"end":{"line":18,"column":1}}}},"branchMap":{"0":{"loc":{"start":{"line":9,"column":4},"end":{"line":14,"column":5}},"type":"if","locations":[{"start":{"line":9,"column":4},"end":{"line":14,"column":5}},{"start":{},"end":{}}]},"1":{"loc":{"start":{"line":9,"column":8},"end":{"line":9,"column":46}},"type":"binary-expr","locations":[{"start":{"line":9,"column":8},"end":{"line":9,"column":26}},{"start":{"line":9,"column":30},"end":{"line":9,"column":46}}]},"2":{"loc":{"start":{"line":10,"column":6},"end":{"line":13,"column":7}},"type":"if","locations":[{"start":{"line":10,"column":6},"end":{"line":13,"column":7}},{"start":{},"end":{}}]}},"s":{"0":1,"1":6,"2":6,"3":6,"4":7,"5":5,"6":3,"7":3,"8":6},"f":{"0":6},"b":{"0":[5,2],"1":[7,4],"2":[3,2]}}
}
