TN:
SF:src/ts/AsyncQueue.ts
FN:1,(anonymous_0)
FN:6,(anonymous_1)
FN:15,(anonymous_2)
FN:27,(anonymous_3)
FN:30,(anonymous_4)
FN:34,(anonymous_5)
FNF:6
FNH:6
FNDA:41,(anonymous_0)
FNDA:163,(anonymous_1)
FNDA:193,(anonymous_2)
FNDA:44,(anonymous_3)
FNDA:2,(anonymous_4)
FNDA:29,(anonymous_5)
DA:1,3
DA:2,41
DA:3,41
DA:4,41
DA:7,163
DA:8,21
DA:9,21
DA:11,142
DA:16,193
DA:17,1
DA:18,1
DA:19,1
DA:21,192
DA:22,141
DA:24,51
DA:25,7
DA:27,44
DA:31,2
DA:35,29
DA:36,29
DA:37,23
DA:38,23
LF:22
LH:22
BRDA:7,0,0,21
BRDA:7,0,1,142
BRDA:16,1,0,1
BRDA:16,1,1,192
BRDA:16,2,0,193
BRDA:16,2,1,13
BRDA:21,3,0,141
BRDA:21,3,1,51
BRDA:24,4,0,7
BRDA:24,4,1,44
BRF:10
BRH:10
end_of_record
TN:
SF:src/ts/AuditLog.ts
FN:8,(anonymous_0)
FN:12,(anonymous_1)
FN:25,(anonymous_2)
FN:38,(anonymous_3)
FN:43,(anonymous_4)
FN:48,(anonymous_5)
FNF:6
FNH:6
FNDA:4,(anonymous_0)
FNDA:4,(anonymous_1)
FNDA:5,(anonymous_2)
FNDA:1,(anonymous_3)
FNDA:2,(anonymous_4)
FNDA:2,(anonymous_5)
DA:5,3
DA:9,4
DA:13,4
DA:26,5
DA:29,5
DA:39,1
DA:40,1
DA:44,2
DA:45,2
LF:9
LH:9
BRDA:32,0,0,3
BRDA:32,0,1,2
BRF:2
BRH:2
end_of_record
TN:
SF:src/ts/CommitAgent.ts
FN:22,validateSql
FN:24,(anonymous_1)
FN:37,(anonymous_2)
FN:48,(anonymous_3)
FN:49,(anonymous_4)
FN:58,(anonymous_5)
FN:65,(anonymous_6)
FN:69,(anonymous_7)
FN:99,(anonymous_8)
FN:104,(anonymous_9)
FN:105,(anonymous_10)
FN:114,(anonymous_11)
FN:117,(anonymous_12)
FN:121,(anonymous_13)
FNF:14
FNH:13
FNDA:29,validateSql
FNDA:78,(anonymous_1)
FNDA:20,(anonymous_2)
FNDA:20,(anonymous_3)
FNDA:20,(anonymous_4)
FNDA:20,(anonymous_5)
FNDA:14,(anonymous_6)
FNDA:29,(anonymous_7)
FNDA:29,(anonymous_8)
FNDA:22,(anonymous_9)
FNDA:22,(anonymous_10)
FNDA:20,(anonymous_11)
FNDA:0,(anonymous_12)
FNDA:1,(anonymous_13)
DA:4,2
DA:5,2
DA:20,2
DA:23,29
DA:24,78
DA:27,2
DA:32,20
DA:33,20
DA:34,20
DA:35,20
DA:38,20
DA:39,1
DA:41,19
DA:43,20
DA:44,20
DA:45,20
DA:49,20
DA:50,20
DA:51,48
DA:52,48
DA:53,19
DA:55,29
DA:56,29
DA:57,29
DA:58,20
DA:59,20
DA:66,14
DA:70,29
DA:77,29
DA:78,3
DA:79,3
DA:80,3
DA:83,26
DA:84,26
DA:85,26
DA:86,22
DA:87,22
DA:88,22
DA:90,4
DA:91,4
DA:94,26
DA:95,26
DA:96,26
DA:100,29
DA:101,29
DA:105,22
DA:106,22
DA:107,2
DA:108,2
DA:110,20
DA:115,20
DA:116,20
DA:117,20
DA:118,20
DA:122,1
DA:123,1
LF:56
LH:56
BRDA:38,0,0,1
BRDA:38,0,1,19
BRDA:52,1,0,19
BRDA:52,1,1,29
BRDA:57,2,0,20
BRDA:57,2,1,9
BRDA:77,3,0,3
BRDA:77,3,1,26
BRDA:86,4,0,22
BRDA:86,4,1,12
BRDA:91,5,0,3
BRDA:91,5,1,1
BRDA:106,6,0,2
BRDA:106,6,1,20
BRF:14
BRH:14
end_of_record
TN:
SF:src/ts/Database.ts
FN:14,(anonymous_1)
FN:19,(anonymous_2)
FN:23,(anonymous_3)
FN:27,(anonymous_4)
FN:31,(anonymous_5)
FN:35,(anonymous_6)
FNF:6
FNH:6
FNDA:23,(anonymous_1)
FNDA:1,(anonymous_2)
FNDA:2,(anonymous_3)
FNDA:62,(anonymous_4)
FNDA:28,(anonymous_5)
FNDA:6,(anonymous_6)
DA:1,3
DA:9,3
DA:12,23
DA:15,23
DA:16,23
DA:20,1
DA:24,2
DA:28,62
DA:32,28
DA:36,6
DA:37,6
DA:38,6
LF:12
LH:12
BRDA:15,0,0,23
BRDA:15,0,1,0
BRDA:36,1,0,6
BRDA:36,1,1,0
BRF:4
BRH:2
end_of_record
TN:
SF:src/ts/WriteIntent.ts
FN:11,createWriteIntent
FN:25,(anonymous_1)
FN:26,insert
FN:28,(anonymous_3)
FN:29,(anonymous_4)
FN:36,select
FN:40,update
FN:42,(anonymous_7)
FN:44,(anonymous_8)
FN:49,delete_
FNF:10
FNH:10
FNDA:45,createWriteIntent
FNDA:3,(anonymous_1)
FNDA:2,insert
FNDA:3,(anonymous_3)
FNDA:3,(anonymous_4)
FNDA:4,select
FNDA:2,update
FNDA:2,(anonymous_7)
FNDA:2,(anonymous_8)
FNDA:2,delete_
DA:1,3
DA:11,3
DA:16,45
DA:25,3
DA:26,3
DA:27,2
DA:28,3
DA:29,3
DA:30,2
DA:36,3
DA:37,4
DA:40,3
DA:41,2
DA:42,2
DA:43,2
DA:44,2
DA:49,3
DA:50,2
LF:18
LH:18
BRDA:20,0,0,45
BRDA:20,0,1,44
BRDA:36,1,0,2
BRDA:25,2,0,3
BRDA:25,2,1,3
BRF:5
BRH:5
end_of_record
TN:
SF:src/ts/cli.ts
FN:5,parseArgs
FNF:1
FNH:1
FNDA:6,parseArgs
DA:5,1
DA:6,6
DA:8,6
DA:9,7
DA:10,5
DA:11,3
DA:12,3
DA:17,6
LF:8
LH:8
BRDA:9,0,0,5
BRDA:9,0,1,2
BRDA:9,1,0,7
BRDA:9,1,1,4
BRDA:10,2,0,3
BRDA:10,2,1,2
BRF:6
BRH:6
end_of_record
